{"/home/julianallende/Desktop/Coding/courses/algorytms_javascript/binary_search.js": {"path":"/home/julianallende/Desktop/Coding/courses/algorytms_javascript/binary_search.js","statementMap":{"0":{"start":{"line":2,"column":16},"end":{"line":2,"column":17}},"1":{"start":{"line":3,"column":14},"end":{"line":3,"column":28}},"2":{"start":{"line":4,"column":17},"end":{"line":4,"column":46}},"3":{"start":{"line":6,"column":4},"end":{"line":13,"column":5}},"4":{"start":{"line":7,"column":8},"end":{"line":11,"column":9}},"5":{"start":{"line":8,"column":12},"end":{"line":8,"column":28}},"6":{"start":{"line":10,"column":12},"end":{"line":10,"column":31}},"7":{"start":{"line":12,"column":8},"end":{"line":12,"column":47}},"8":{"start":{"line":15,"column":4},"end":{"line":17,"column":5}},"9":{"start":{"line":16,"column":8},"end":{"line":16,"column":21}},"10":{"start":{"line":18,"column":4},"end":{"line":18,"column":14}},"11":{"start":{"line":20,"column":0},"end":{"line":20,"column":53}},"12":{"start":{"line":21,"column":0},"end":{"line":21,"column":52}},"13":{"start":{"line":22,"column":0},"end":{"line":22,"column":30}}},"fnMap":{"0":{"name":"binarySearch","decl":{"start":{"line":1,"column":9},"end":{"line":1,"column":21}},"loc":{"start":{"line":1,"column":33},"end":{"line":19,"column":1}},"line":1}},"branchMap":{"0":{"loc":{"start":{"line":6,"column":11},"end":{"line":6,"column":47}},"type":"binary-expr","locations":[{"start":{"line":6,"column":11},"end":{"line":6,"column":31}},{"start":{"line":6,"column":35},"end":{"line":6,"column":47}}],"line":6},"1":{"loc":{"start":{"line":7,"column":8},"end":{"line":11,"column":9}},"type":"if","locations":[{"start":{"line":7,"column":8},"end":{"line":11,"column":9}},{"start":{"line":7,"column":8},"end":{"line":11,"column":9}}],"line":7},"2":{"loc":{"start":{"line":15,"column":4},"end":{"line":17,"column":5}},"type":"if","locations":[{"start":{"line":15,"column":4},"end":{"line":17,"column":5}},{"start":{"line":15,"column":4},"end":{"line":17,"column":5}}],"line":15}},"s":{"0":4,"1":4,"2":4,"3":4,"4":10,"5":0,"6":10,"7":10,"8":4,"9":2,"10":2,"11":1,"12":1,"13":1},"f":{"0":4},"b":{"0":[14,12],"1":[0,10],"2":[2,2]},"_coverageSchema":"1a1c01bbd47fc00a2c39e90264f33305004495a9","hash":"a6e17e1cf0c29f64da2261079d0a658550924637"}
,"/home/julianallende/Desktop/Coding/courses/algorytms_javascript/divide_conquer.js": {"path":"/home/julianallende/Desktop/Coding/courses/algorytms_javascript/divide_conquer.js","statementMap":{"0":{"start":{"line":4,"column":14},"end":{"line":4,"column":15}},"1":{"start":{"line":5,"column":14},"end":{"line":5,"column":28}},"2":{"start":{"line":7,"column":4},"end":{"line":19,"column":5}},"3":{"start":{"line":8,"column":21},"end":{"line":8,"column":48}},"4":{"start":{"line":9,"column":29},"end":{"line":9,"column":40}},"5":{"start":{"line":11,"column":8},"end":{"line":18,"column":27}},"6":{"start":{"line":12,"column":12},"end":{"line":12,"column":29}},"7":{"start":{"line":14,"column":13},"end":{"line":18,"column":27}},"8":{"start":{"line":15,"column":12},"end":{"line":15,"column":39}},"9":{"start":{"line":16,"column":12},"end":{"line":16,"column":29}},"10":{"start":{"line":18,"column":13},"end":{"line":18,"column":27}},"11":{"start":{"line":21,"column":4},"end":{"line":21,"column":14}},"12":{"start":{"line":24,"column":0},"end":{"line":24,"column":23}}},"fnMap":{"0":{"name":"search","decl":{"start":{"line":3,"column":9},"end":{"line":3,"column":15}},"loc":{"start":{"line":3,"column":26},"end":{"line":22,"column":1}},"line":3}},"branchMap":{"0":{"loc":{"start":{"line":11,"column":8},"end":{"line":18,"column":27}},"type":"if","locations":[{"start":{"line":11,"column":8},"end":{"line":18,"column":27}},{"start":{"line":11,"column":8},"end":{"line":18,"column":27}}],"line":11},"1":{"loc":{"start":{"line":14,"column":13},"end":{"line":18,"column":27}},"type":"if","locations":[{"start":{"line":14,"column":13},"end":{"line":18,"column":27}},{"start":{"line":14,"column":13},"end":{"line":18,"column":27}}],"line":14}},"s":{"0":3,"1":3,"2":3,"3":9,"4":9,"5":9,"6":6,"7":3,"8":1,"9":1,"10":2,"11":1,"12":1},"f":{"0":3},"b":{"0":[6,3],"1":[1,2]},"_coverageSchema":"1a1c01bbd47fc00a2c39e90264f33305004495a9","hash":"b7c63178f6b44904e24040a338e7b73e09c9ddaf"}
,"/home/julianallende/Desktop/Coding/courses/algorytms_javascript/frequency_counter.js": {"path":"/home/julianallende/Desktop/Coding/courses/algorytms_javascript/frequency_counter.js","statementMap":{"0":{"start":{"line":2,"column":17},"end":{"line":2,"column":29}},"1":{"start":{"line":3,"column":17},"end":{"line":3,"column":29}},"2":{"start":{"line":5,"column":4},"end":{"line":7,"column":5}},"3":{"start":{"line":6,"column":8},"end":{"line":6,"column":20}},"4":{"start":{"line":9,"column":15},"end":{"line":9,"column":40}},"5":{"start":{"line":10,"column":15},"end":{"line":10,"column":40}},"6":{"start":{"line":12,"column":4},"end":{"line":12,"column":30}},"7":{"start":{"line":16,"column":16},"end":{"line":16,"column":104}},"8":{"start":{"line":16,"column":32},"end":{"line":16,"column":104}},"9":{"start":{"line":16,"column":53},"end":{"line":16,"column":103}},"10":{"start":{"line":19,"column":14},"end":{"line":19,"column":16}},"11":{"start":{"line":20,"column":4},"end":{"line":27,"column":5}},"12":{"start":{"line":20,"column":17},"end":{"line":20,"column":18}},"13":{"start":{"line":21,"column":8},"end":{"line":21,"column":21}},"14":{"start":{"line":22,"column":8},"end":{"line":26,"column":9}},"15":{"start":{"line":23,"column":12},"end":{"line":23,"column":28}},"16":{"start":{"line":25,"column":12},"end":{"line":25,"column":27}},"17":{"start":{"line":28,"column":4},"end":{"line":28,"column":14}},"18":{"start":{"line":31,"column":0},"end":{"line":31,"column":31}}},"fnMap":{"0":{"name":"sameFrequency","decl":{"start":{"line":1,"column":9},"end":{"line":1,"column":22}},"loc":{"start":{"line":1,"column":28},"end":{"line":13,"column":1}},"line":1},"1":{"name":"(anonymous_1)","decl":{"start":{"line":16,"column":16},"end":{"line":16,"column":17}},"loc":{"start":{"line":16,"column":32},"end":{"line":16,"column":104}},"line":16},"2":{"name":"(anonymous_2)","decl":{"start":{"line":16,"column":46},"end":{"line":16,"column":47}},"loc":{"start":{"line":16,"column":53},"end":{"line":16,"column":103}},"line":16},"3":{"name":"createCounterObject","decl":{"start":{"line":18,"column":9},"end":{"line":18,"column":28}},"loc":{"start":{"line":18,"column":35},"end":{"line":29,"column":1}},"line":18}},"branchMap":{"0":{"loc":{"start":{"line":5,"column":4},"end":{"line":7,"column":5}},"type":"if","locations":[{"start":{"line":5,"column":4},"end":{"line":7,"column":5}},{"start":{"line":5,"column":4},"end":{"line":7,"column":5}}],"line":5},"1":{"loc":{"start":{"line":22,"column":8},"end":{"line":26,"column":9}},"type":"if","locations":[{"start":{"line":22,"column":8},"end":{"line":26,"column":9}},{"start":{"line":22,"column":8},"end":{"line":26,"column":9}}],"line":22}},"s":{"0":4,"1":4,"2":4,"3":1,"4":3,"5":3,"6":3,"7":1,"8":3,"9":6,"10":6,"11":6,"12":6,"13":22,"14":22,"15":4,"16":18,"17":6,"18":1},"f":{"0":4,"1":3,"2":6,"3":6},"b":{"0":[1,3],"1":[4,18]},"_coverageSchema":"1a1c01bbd47fc00a2c39e90264f33305004495a9","hash":"e73be17cb410296042d1b0261da94ed3e61a1362"}
,"/home/julianallende/Desktop/Coding/courses/algorytms_javascript/linear_search.js": {"path":"/home/julianallende/Desktop/Coding/courses/algorytms_javascript/linear_search.js","statementMap":{"0":{"start":{"line":2,"column":16},"end":{"line":2,"column":18}},"1":{"start":{"line":4,"column":4},"end":{"line":8,"column":5}},"2":{"start":{"line":4,"column":16},"end":{"line":4,"column":17}},"3":{"start":{"line":5,"column":8},"end":{"line":7,"column":9}},"4":{"start":{"line":6,"column":12},"end":{"line":6,"column":21}},"5":{"start":{"line":10,"column":4},"end":{"line":10,"column":16}},"6":{"start":{"line":13,"column":0},"end":{"line":13,"column":30}}},"fnMap":{"0":{"name":"linearSearch","decl":{"start":{"line":1,"column":9},"end":{"line":1,"column":21}},"loc":{"start":{"line":1,"column":32},"end":{"line":11,"column":1}},"line":1}},"branchMap":{"0":{"loc":{"start":{"line":5,"column":8},"end":{"line":7,"column":9}},"type":"if","locations":[{"start":{"line":5,"column":8},"end":{"line":7,"column":9}},{"start":{"line":5,"column":8},"end":{"line":7,"column":9}}],"line":5}},"s":{"0":4,"1":4,"2":4,"3":16,"4":3,"5":4,"6":1},"f":{"0":4},"b":{"0":[3,13]},"_coverageSchema":"1a1c01bbd47fc00a2c39e90264f33305004495a9","hash":"1057839f53393decf605c29807135088d3279e36"}
,"/home/julianallende/Desktop/Coding/courses/algorytms_javascript/sum.js": {"path":"/home/julianallende/Desktop/Coding/courses/algorytms_javascript/sum.js","statementMap":{"0":{"start":{"line":3,"column":4},"end":{"line":3,"column":16}},"1":{"start":{"line":6,"column":0},"end":{"line":6,"column":21}}},"fnMap":{"0":{"name":"sum","decl":{"start":{"line":2,"column":9},"end":{"line":2,"column":12}},"loc":{"start":{"line":2,"column":19},"end":{"line":4,"column":1}},"line":2}},"branchMap":{},"s":{"0":1,"1":1},"f":{"0":1},"b":{},"_coverageSchema":"1a1c01bbd47fc00a2c39e90264f33305004495a9","hash":"f34be4f1c5034a4316e94657e578e26249b0ef2a"}
}
