TN:
SF:binary_search.js
FN:1,binarySearch
FNF:1
FNH:1
FNDA:4,binarySearch
DA:2,4
DA:3,4
DA:4,4
DA:6,4
DA:7,10
DA:8,0
DA:10,10
DA:12,10
DA:15,4
DA:16,2
DA:18,2
DA:20,1
DA:21,1
DA:22,1
LF:14
LH:13
BRDA:6,0,0,14
BRDA:6,0,1,12
BRDA:7,1,0,0
BRDA:7,1,1,10
BRDA:15,2,0,2
BRDA:15,2,1,2
BRF:6
BRH:5
end_of_record
TN:
SF:divide_conquer.js
FN:3,search
FNF:1
FNH:1
FNDA:3,search
DA:4,3
DA:5,3
DA:7,3
DA:8,9
DA:9,9
DA:11,9
DA:12,6
DA:14,3
DA:15,1
DA:16,1
DA:18,2
DA:21,1
DA:24,1
LF:13
LH:13
BRDA:11,0,0,6
BRDA:11,0,1,3
BRDA:14,1,0,1
BRDA:14,1,1,2
BRF:4
BRH:4
end_of_record
TN:
SF:frequency_counter.js
FN:1,sameFrequency
FN:16,(anonymous_1)
FN:16,(anonymous_2)
FN:18,createCounterObject
FNF:4
FNH:4
FNDA:4,sameFrequency
FNDA:3,(anonymous_1)
FNDA:6,(anonymous_2)
FNDA:6,createCounterObject
DA:2,4
DA:3,4
DA:5,4
DA:6,1
DA:9,3
DA:10,3
DA:12,3
DA:16,6
DA:19,6
DA:20,6
DA:21,22
DA:22,22
DA:23,4
DA:25,18
DA:28,6
DA:31,1
LF:16
LH:16
BRDA:5,0,0,1
BRDA:5,0,1,3
BRDA:22,1,0,4
BRDA:22,1,1,18
BRF:4
BRH:4
end_of_record
TN:
SF:linear_search.js
FN:1,linearSearch
FNF:1
FNH:1
FNDA:4,linearSearch
DA:2,4
DA:4,4
DA:5,16
DA:6,3
DA:10,4
DA:13,1
LF:6
LH:6
BRDA:5,0,0,3
BRDA:5,0,1,13
BRF:2
BRH:2
end_of_record
TN:
SF:sum.js
FN:2,sum
FNF:1
FNH:1
FNDA:1,sum
DA:3,1
DA:6,1
LF:2
LH:2
BRF:0
BRH:0
end_of_record
